0 info it worked if it ends with ok
1 verbose cli [ 'D:\\Program Files\\nodejs\\node.exe',
1 verbose cli   'D:\\Program Files\\nodejs\\node_modules\\npm\\bin\\npm-cli.js',
1 verbose cli   'run',
1 verbose cli   'protractor' ]
2 info using npm@2.15.1
3 info using node@v4.4.3
4 verbose stack Error: Failed to parse json
4 verbose stack Unexpected token '/' at 36:5
4 verbose stack     //"update-webdriver": "webdriver-manager --proxy http://10.100.1.124:3128 u
4 verbose stack     ^
4 verbose stack     at parseError (D:\Program Files\nodejs\node_modules\npm\node_modules\read-package-json\read-json.js:379:11)
4 verbose stack     at parseJson (D:\Program Files\nodejs\node_modules\npm\node_modules\read-package-json\read-json.js:68:23)
4 verbose stack     at D:\Program Files\nodejs\node_modules\npm\node_modules\read-package-json\read-json.js:48:5
4 verbose stack     at D:\Program Files\nodejs\node_modules\npm\node_modules\graceful-fs\graceful-fs.js:78:16
4 verbose stack     at FSReqWrap.readFileAfterClose [as oncomplete] (fs.js:380:3)
5 verbose cwd D:\vignesh\eclipse\spring6
6 error Windows_NT 6.3.9600
7 error argv "D:\\Program Files\\nodejs\\node.exe" "D:\\Program Files\\nodejs\\node_modules\\npm\\bin\\npm-cli.js" "run" "protractor"
8 error node v4.4.3
9 error npm  v2.15.1
10 error file D:\vignesh\eclipse\spring6\package.json
11 error code EJSONPARSE
12 error Failed to parse json
12 error Unexpected token '/' at 36:5
12 error     //"update-webdriver": "webdriver-manager --proxy http://10.100.1.124:3128 u
12 error     ^
13 error File: D:\vignesh\eclipse\spring6\package.json
14 error Failed to parse package.json data.
14 error package.json must be actual JSON, not just JavaScript.
14 error
14 error This is not a bug in npm.
14 error Tell the package author to fix their package.json file. JSON.parse
15 verbose exit [ 1, true ]
